2021-03-31 17:24:51,953:INFO main (StartupInfoLogger.java:55) - Starting SpringSecurityApplication using Java 1.8.0_271 on DESKTOP-5LGK8HS with PID 9672 (D:\idea-work\SpringSecurity\target\classes started by Administrator in D:\idea-work\SpringSecurity)
2021-03-31 17:24:51,969:INFO main (SpringApplication.java:662) - No active profile set, falling back to default profiles: default
2021-03-31 17:24:52,349:INFO main (RepositoryConfigurationDelegate.java:250) - Multiple Spring Data modules found, entering strict repository configuration mode!
2021-03-31 17:24:52,349:INFO main (RepositoryConfigurationDelegate.java:128) - Bootstrapping Spring Data Redis repositories in DEFAULT mode.
2021-03-31 17:24:52,365:INFO main (RepositoryConfigurationDelegate.java:188) - Finished Spring Data repository scanning in 7 ms. Found 0 Redis repository interfaces.
2021-03-31 17:24:52,506:INFO main (PostProcessorRegistrationDelegate.java:376) - Bean 'org.springframework.security.access.expression.method.DefaultMethodSecurityExpressionHandler@7a55f148' of type [org.springframework.security.access.expression.method.DefaultMethodSecurityExpressionHandler] is not eligible for getting processed by all BeanPostProcessors (for example: not eligible for auto-proxying)
2021-03-31 17:24:52,506:INFO main (PostProcessorRegistrationDelegate.java:376) - Bean 'methodSecurityMetadataSource' of type [org.springframework.security.access.method.DelegatingMethodSecurityMetadataSource] is not eligible for getting processed by all BeanPostProcessors (for example: not eligible for auto-proxying)
2021-03-31 17:24:52,631:INFO main (TomcatWebServer.java:108) - Tomcat initialized with port(s): 9200 (http)
2021-03-31 17:24:52,631:INFO main (DirectJDKLog.java:173) - Initializing ProtocolHandler ["http-nio-9200"]
2021-03-31 17:24:52,631:INFO main (DirectJDKLog.java:173) - Starting service [Tomcat]
2021-03-31 17:24:52,631:INFO main (DirectJDKLog.java:173) - Starting Servlet engine: [Apache Tomcat/9.0.44]
2021-03-31 17:24:52,678:INFO main (DirectJDKLog.java:173) - Initializing Spring embedded WebApplicationContext
2021-03-31 17:24:52,678:INFO main (ServletWebServerApplicationContext.java:289) - Root WebApplicationContext: initialization completed in 694 ms
2021-03-31 17:24:52,996:INFO main (DruidDataSource.java:930) - {dataSource-1} inited
2021-03-31 17:24:53,562:INFO main (DefaultSecurityFilterChain.java:51) - Will secure any request with [org.springframework.security.web.context.request.async.WebAsyncManagerIntegrationFilter@5820070c, org.springframework.security.web.context.SecurityContextPersistenceFilter@173f1614, org.springframework.security.web.header.HeaderWriterFilter@4c1d59cd, org.springframework.security.web.authentication.logout.LogoutFilter@1526f71, com.example.SpringSecurity.config.Security.filter.JwtAuthenticationTokenFilter@75a0c890, org.springframework.security.web.savedrequest.RequestCacheAwareFilter@7645f03e, org.springframework.security.web.servletapi.SecurityContextHolderAwareRequestFilter@65e22def, org.springframework.security.web.authentication.AnonymousAuthenticationFilter@34208baa, org.springframework.security.web.session.SessionManagementFilter@40bb4f87, org.springframework.security.web.access.ExceptionTranslationFilter@629984eb, org.springframework.security.web.access.intercept.FilterSecurityInterceptor@557b6a37]
2021-03-31 17:24:53,640:INFO main (ExecutorConfigurationSupport.java:181) - Initializing ExecutorService 'applicationTaskExecutor'
2021-03-31 17:24:53,831:INFO main (DirectJDKLog.java:173) - Starting ProtocolHandler ["http-nio-9200"]
2021-03-31 17:24:53,831:INFO main (TomcatWebServer.java:220) - Tomcat started on port(s): 9200 (http) with context path ''
2021-03-31 17:24:53,846:INFO main (StartupInfoLogger.java:61) - Started SpringSecurityApplication in 2.196 seconds (JVM running for 2.676)
2021-03-31 17:25:00,161:INFO http-nio-9200-exec-3 (DirectJDKLog.java:173) - Initializing Spring DispatcherServlet 'dispatcherServlet'
2021-03-31 17:25:00,161:INFO http-nio-9200-exec-3 (FrameworkServlet.java:525) - Initializing Servlet 'dispatcherServlet'
2021-03-31 17:25:00,162:INFO http-nio-9200-exec-3 (FrameworkServlet.java:547) - Completed initialization in 0 ms
2021-03-31 17:25:00,173:INFO http-nio-9200-exec-3 (JwtAuthenticationTokenFilter.java:54) - 【OncePerRequestFilter】：null
2021-03-31 17:25:00,296:DEBUG http-nio-9200-exec-3 (BaseJdbcLogger.java:143) - ==>  Preparing: SELECT user_id,company_id,user_name,user_telephone,account,pwd,user_state,user_role FROM userInfo WHERE account = ? 
2021-03-31 17:25:00,309:DEBUG http-nio-9200-exec-3 (BaseJdbcLogger.java:143) - ==> Parameters: user(String)
2021-03-31 17:25:00,340:DEBUG http-nio-9200-exec-3 (BaseJdbcLogger.java:143) - <==      Total: 0
2021-03-31 17:25:00,342:INFO http-nio-9200-exec-3 (MySecurityAccountService.java:45) - 【MySecurityAccountService】:null
2021-03-31 17:25:20,868:INFO http-nio-9200-exec-6 (JwtAuthenticationTokenFilter.java:54) - 【OncePerRequestFilter】：null
2021-03-31 17:25:20,871:DEBUG http-nio-9200-exec-6 (BaseJdbcLogger.java:143) - ==>  Preparing: SELECT user_id,company_id,user_name,user_telephone,account,pwd,user_state,user_role FROM userInfo WHERE account = ? 
2021-03-31 17:25:20,871:DEBUG http-nio-9200-exec-6 (BaseJdbcLogger.java:143) - ==> Parameters: 15573679072(String)
2021-03-31 17:25:20,893:DEBUG http-nio-9200-exec-6 (BaseJdbcLogger.java:143) - <==      Total: 1
2021-03-31 17:25:20,894:INFO http-nio-9200-exec-6 (MySecurityAccountService.java:45) - 【MySecurityAccountService】:UserInfo{userId=8, companyId=1, userName='肖大大', userTelephone='15573679072', account='15573679072', pwd='bc3f28c77889f13ef090abf2f2444267', userState=1, userRole=2, loginTime=null, expireTime=null, token='null'}
2021-03-31 17:26:33,552:INFO main (StartupInfoLogger.java:55) - Starting SpringSecurityApplication using Java 1.8.0_271 on DESKTOP-5LGK8HS with PID 10804 (D:\idea-work\SpringSecurity\target\classes started by Administrator in D:\idea-work\SpringSecurity)
2021-03-31 17:26:33,552:INFO main (SpringApplication.java:662) - No active profile set, falling back to default profiles: default
2021-03-31 17:26:33,986:INFO main (RepositoryConfigurationDelegate.java:250) - Multiple Spring Data modules found, entering strict repository configuration mode!
2021-03-31 17:26:33,986:INFO main (RepositoryConfigurationDelegate.java:128) - Bootstrapping Spring Data Redis repositories in DEFAULT mode.
2021-03-31 17:26:34,002:INFO main (RepositoryConfigurationDelegate.java:188) - Finished Spring Data repository scanning in 7 ms. Found 0 Redis repository interfaces.
2021-03-31 17:26:34,143:INFO main (PostProcessorRegistrationDelegate.java:376) - Bean 'org.springframework.security.access.expression.method.DefaultMethodSecurityExpressionHandler@26a262d6' of type [org.springframework.security.access.expression.method.DefaultMethodSecurityExpressionHandler] is not eligible for getting processed by all BeanPostProcessors (for example: not eligible for auto-proxying)
2021-03-31 17:26:34,143:INFO main (PostProcessorRegistrationDelegate.java:376) - Bean 'methodSecurityMetadataSource' of type [org.springframework.security.access.method.DelegatingMethodSecurityMetadataSource] is not eligible for getting processed by all BeanPostProcessors (for example: not eligible for auto-proxying)
2021-03-31 17:26:34,268:INFO main (TomcatWebServer.java:108) - Tomcat initialized with port(s): 9200 (http)
2021-03-31 17:26:34,283:INFO main (DirectJDKLog.java:173) - Initializing ProtocolHandler ["http-nio-9200"]
2021-03-31 17:26:34,283:INFO main (DirectJDKLog.java:173) - Starting service [Tomcat]
2021-03-31 17:26:34,283:INFO main (DirectJDKLog.java:173) - Starting Servlet engine: [Apache Tomcat/9.0.44]
2021-03-31 17:26:34,330:INFO main (DirectJDKLog.java:173) - Initializing Spring embedded WebApplicationContext
2021-03-31 17:26:34,330:INFO main (ServletWebServerApplicationContext.java:289) - Root WebApplicationContext: initialization completed in 746 ms
2021-03-31 17:26:34,666:INFO main (DruidDataSource.java:930) - {dataSource-1} inited
2021-03-31 17:26:35,213:INFO main (DefaultSecurityFilterChain.java:51) - Will secure any request with [org.springframework.security.web.context.request.async.WebAsyncManagerIntegrationFilter@4ef2ab73, org.springframework.security.web.context.SecurityContextPersistenceFilter@297c9a9b, org.springframework.security.web.header.HeaderWriterFilter@6d229b1c, org.springframework.security.web.authentication.logout.LogoutFilter@1b0e9707, com.example.SpringSecurity.config.Security.filter.JwtAuthenticationTokenFilter@5c441290, org.springframework.security.web.savedrequest.RequestCacheAwareFilter@6ec63f8, org.springframework.security.web.servletapi.SecurityContextHolderAwareRequestFilter@6c184d4d, org.springframework.security.web.authentication.AnonymousAuthenticationFilter@34be065a, org.springframework.security.web.session.SessionManagementFilter@4c1d59cd, org.springframework.security.web.access.ExceptionTranslationFilter@54a2d96e, org.springframework.security.web.access.intercept.FilterSecurityInterceptor@2f80cb79]
2021-03-31 17:26:35,306:INFO main (ExecutorConfigurationSupport.java:181) - Initializing ExecutorService 'applicationTaskExecutor'
2021-03-31 17:26:35,482:INFO main (DirectJDKLog.java:173) - Starting ProtocolHandler ["http-nio-9200"]
2021-03-31 17:26:35,500:INFO main (TomcatWebServer.java:220) - Tomcat started on port(s): 9200 (http) with context path ''
2021-03-31 17:26:35,503:INFO main (StartupInfoLogger.java:61) - Started SpringSecurityApplication in 2.279 seconds (JVM running for 2.767)
2021-03-31 17:27:21,298:INFO main (StartupInfoLogger.java:55) - Starting SpringSecurityApplication using Java 1.8.0_271 on DESKTOP-5LGK8HS with PID 4112 (D:\idea-work\SpringSecurity\target\classes started by Administrator in D:\idea-work\SpringSecurity)
2021-03-31 17:27:21,314:INFO main (SpringApplication.java:662) - No active profile set, falling back to default profiles: default
2021-03-31 17:27:21,693:INFO main (RepositoryConfigurationDelegate.java:250) - Multiple Spring Data modules found, entering strict repository configuration mode!
2021-03-31 17:27:21,693:INFO main (RepositoryConfigurationDelegate.java:128) - Bootstrapping Spring Data Redis repositories in DEFAULT mode.
2021-03-31 17:27:21,708:INFO main (RepositoryConfigurationDelegate.java:188) - Finished Spring Data repository scanning in 7 ms. Found 0 Redis repository interfaces.
2021-03-31 17:27:21,854:INFO main (PostProcessorRegistrationDelegate.java:376) - Bean 'org.springframework.security.access.expression.method.DefaultMethodSecurityExpressionHandler@7a55f148' of type [org.springframework.security.access.expression.method.DefaultMethodSecurityExpressionHandler] is not eligible for getting processed by all BeanPostProcessors (for example: not eligible for auto-proxying)
2021-03-31 17:27:21,854:INFO main (PostProcessorRegistrationDelegate.java:376) - Bean 'methodSecurityMetadataSource' of type [org.springframework.security.access.method.DelegatingMethodSecurityMetadataSource] is not eligible for getting processed by all BeanPostProcessors (for example: not eligible for auto-proxying)
2021-03-31 17:27:21,996:INFO main (TomcatWebServer.java:108) - Tomcat initialized with port(s): 9200 (http)
2021-03-31 17:27:21,996:INFO main (DirectJDKLog.java:173) - Initializing ProtocolHandler ["http-nio-9200"]
2021-03-31 17:27:21,996:INFO main (DirectJDKLog.java:173) - Starting service [Tomcat]
2021-03-31 17:27:21,996:INFO main (DirectJDKLog.java:173) - Starting Servlet engine: [Apache Tomcat/9.0.44]
2021-03-31 17:27:22,043:INFO main (DirectJDKLog.java:173) - Initializing Spring embedded WebApplicationContext
2021-03-31 17:27:22,043:INFO main (ServletWebServerApplicationContext.java:289) - Root WebApplicationContext: initialization completed in 714 ms
2021-03-31 17:27:22,343:INFO main (DruidDataSource.java:930) - {dataSource-1} inited
2021-03-31 17:27:22,874:INFO main (DefaultSecurityFilterChain.java:51) - Will secure any request with [org.springframework.security.web.context.request.async.WebAsyncManagerIntegrationFilter@460b50df, org.springframework.security.web.context.SecurityContextPersistenceFilter@daf22f0, org.springframework.security.web.header.HeaderWriterFilter@2bc7db89, org.springframework.security.web.authentication.logout.LogoutFilter@4faf104, com.example.SpringSecurity.config.Security.filter.JwtAuthenticationTokenFilter@9679750, org.springframework.security.web.savedrequest.RequestCacheAwareFilter@63f9b562, org.springframework.security.web.servletapi.SecurityContextHolderAwareRequestFilter@671ea6ff, org.springframework.security.web.authentication.AnonymousAuthenticationFilter@1cf336fd, org.springframework.security.web.session.SessionManagementFilter@7a6ea47d, org.springframework.security.web.access.ExceptionTranslationFilter@6ec63f8, org.springframework.security.web.access.intercept.FilterSecurityInterceptor@5820070c]
2021-03-31 17:27:22,952:INFO main (ExecutorConfigurationSupport.java:181) - Initializing ExecutorService 'applicationTaskExecutor'
2021-03-31 17:27:23,129:INFO main (DirectJDKLog.java:173) - Starting ProtocolHandler ["http-nio-9200"]
2021-03-31 17:27:23,144:INFO main (TomcatWebServer.java:220) - Tomcat started on port(s): 9200 (http) with context path ''
2021-03-31 17:27:23,144:INFO main (StartupInfoLogger.java:61) - Started SpringSecurityApplication in 2.183 seconds (JVM running for 2.808)
2021-03-31 17:27:25,936:INFO http-nio-9200-exec-4 (DirectJDKLog.java:173) - Initializing Spring DispatcherServlet 'dispatcherServlet'
2021-03-31 17:27:25,936:INFO http-nio-9200-exec-4 (FrameworkServlet.java:525) - Initializing Servlet 'dispatcherServlet'
2021-03-31 17:27:25,937:INFO http-nio-9200-exec-4 (FrameworkServlet.java:547) - Completed initialization in 1 ms
2021-03-31 17:27:25,949:INFO http-nio-9200-exec-4 (JwtAuthenticationTokenFilter.java:54) - 【OncePerRequestFilter】：null
2021-03-31 17:27:26,072:DEBUG http-nio-9200-exec-4 (BaseJdbcLogger.java:143) - ==>  Preparing: SELECT user_id,company_id,user_name,user_telephone,account,pwd,user_state,user_role FROM userInfo WHERE account = ? 
2021-03-31 17:27:26,086:DEBUG http-nio-9200-exec-4 (BaseJdbcLogger.java:143) - ==> Parameters: 15573679072(String)
2021-03-31 17:27:26,121:DEBUG http-nio-9200-exec-4 (BaseJdbcLogger.java:143) - <==      Total: 1
2021-03-31 17:27:26,122:INFO http-nio-9200-exec-4 (MySecurityAccountService.java:45) - 【MySecurityAccountService】:UserInfo{userId=8, companyId=1, userName='肖大大', userTelephone='15573679072', account='15573679072', pwd='bc3f28c77889f13ef090abf2f2444267', userState=1, userRole=2, loginTime=null, expireTime=null, token='null'}
2021-03-31 17:27:26,122:WARN http-nio-9200-exec-4 (BCryptPasswordEncoder.java:126) - Empty encoded password
